<?xml version="1.0" encoding="UTF-8"?>
<!-- Generated by org.testng.reporters.JUnitReportReporter -->
<testsuite hostname="DESKTOP-7ETLKBM" name="com.cucumber.testRunner.TestRunner" tests="1" failures="0" timestamp="23 Feb 2019 05:42:21 GMT" time="40.331" errors="0">
  <testcase name="feature" time="40.331" classname="com.cucumber.testRunner.TestRunner"/>
</testsuite> <!-- com.cucumber.testRunner.TestRunner -->
